2023-03-28 12:00:51,921 [Worker-2: Loading available Gradle versions] INFO  o.e.b.c.i.u.g.PublishedGradleVersions - Gradle version information cache is up-to-date. Trying to read.
2023-03-28 12:04:03,415 [Worker-1: Creating project "TestAutomation-Framework"] INFO  o.e.m.c.i.l.LifecycleMappingFactory - Using org.eclipse.m2e.jdt.JarLifecycleMapping lifecycle mapping for MavenProject: com.stm:TestAutomation-Framework:0.0.1-SNAPSHOT @ C:\Users\krish\eclipse-workspace\SeleniumFrameWork\TestAutomation-Framework\pom.xml.
2023-03-28 12:04:05,012 [Worker-1: Creating project "TestAutomation-Framework"] INFO  o.e.m.j.i.AbstractJavaProjectConfigurator - Adding source folder /TestAutomation-Framework/src/main/java
2023-03-28 12:04:05,017 [Worker-1: Creating project "TestAutomation-Framework"] INFO  o.e.m.j.i.AbstractJavaProjectConfigurator - Adding resource folder /TestAutomation-Framework/src/main/resources
2023-03-28 12:04:05,018 [Worker-1: Creating project "TestAutomation-Framework"] INFO  o.e.m.j.i.AbstractJavaProjectConfigurator - Adding source folder /TestAutomation-Framework/src/test/java
2023-03-28 12:04:05,019 [Worker-1: Creating project "TestAutomation-Framework"] INFO  o.e.m.j.i.AbstractJavaProjectConfigurator - Adding resource folder /TestAutomation-Framework/src/test/resources
2023-03-28 12:04:06,179 [Worker-23: Building] WARN  o.e.m.c.i.embedder.EclipseLogger - Using platform encoding (UTF-8 actually) to copy filtered resources, i.e. build is platform dependent!
2023-03-28 12:04:06,195 [Worker-23: Building] INFO  o.e.m.c.i.embedder.EclipseLogger - Copying 0 resource
2023-03-28 12:04:06,200 [Worker-23: Building] WARN  o.e.m.c.i.embedder.EclipseLogger - Using platform encoding (UTF-8 actually) to copy filtered resources, i.e. build is platform dependent!
2023-03-28 12:04:06,201 [Worker-23: Building] INFO  o.e.m.c.i.embedder.EclipseLogger - Copying 0 resource
2023-03-28 12:06:39,423 [Worker-25: Building] WARN  o.e.m.c.i.embedder.EclipseLogger - Using platform encoding (UTF-8 actually) to copy filtered resources, i.e. build is platform dependent!
2023-03-28 12:06:39,481 [Worker-25: Building] INFO  o.e.m.c.i.embedder.EclipseLogger - Copying 0 resource
2023-03-28 12:06:39,490 [Worker-25: Building] WARN  o.e.m.c.i.embedder.EclipseLogger - Using platform encoding (UTF-8 actually) to copy filtered resources, i.e. build is platform dependent!
2023-03-28 12:06:39,495 [Worker-25: Building] INFO  o.e.m.c.i.embedder.EclipseLogger - Copying 0 resource
2023-03-28 12:07:05,723 [Worker-8: Building] WARN  o.e.m.c.i.embedder.EclipseLogger - Using platform encoding (UTF-8 actually) to copy filtered resources, i.e. build is platform dependent!
2023-03-28 12:07:05,725 [Worker-8: Building] INFO  o.e.m.c.i.embedder.EclipseLogger - Copying 0 resource
2023-03-28 12:07:05,732 [Worker-8: Building] WARN  o.e.m.c.i.embedder.EclipseLogger - Using platform encoding (UTF-8 actually) to copy filtered resources, i.e. build is platform dependent!
2023-03-28 12:07:05,738 [Worker-8: Building] INFO  o.e.m.c.i.embedder.EclipseLogger - Copying 0 resource
2023-03-28 12:07:26,253 [Worker-8: Building] WARN  o.e.m.c.i.embedder.EclipseLogger - Using platform encoding (UTF-8 actually) to copy filtered resources, i.e. build is platform dependent!
2023-03-28 12:07:26,255 [Worker-8: Building] INFO  o.e.m.c.i.embedder.EclipseLogger - Copying 0 resource
2023-03-28 12:07:26,258 [Worker-8: Building] WARN  o.e.m.c.i.embedder.EclipseLogger - Using platform encoding (UTF-8 actually) to copy filtered resources, i.e. build is platform dependent!
2023-03-28 12:07:26,262 [Worker-8: Building] INFO  o.e.m.c.i.embedder.EclipseLogger - Copying 0 resource
2023-03-28 12:07:58,207 [Worker-24: Building] WARN  o.e.m.c.i.embedder.EclipseLogger - Using platform encoding (UTF-8 actually) to copy filtered resources, i.e. build is platform dependent!
2023-03-28 12:07:58,208 [Worker-24: Building] INFO  o.e.m.c.i.embedder.EclipseLogger - Copying 0 resource
2023-03-28 12:07:58,212 [Worker-24: Building] WARN  o.e.m.c.i.embedder.EclipseLogger - Using platform encoding (UTF-8 actually) to copy filtered resources, i.e. build is platform dependent!
2023-03-28 12:07:58,216 [Worker-24: Building] INFO  o.e.m.c.i.embedder.EclipseLogger - Copying 0 resource
2023-03-28 12:08:15,518 [Worker-25: Building] WARN  o.e.m.c.i.embedder.EclipseLogger - Using platform encoding (UTF-8 actually) to copy filtered resources, i.e. build is platform dependent!
2023-03-28 12:08:15,519 [Worker-25: Building] INFO  o.e.m.c.i.embedder.EclipseLogger - Copying 0 resource
2023-03-28 12:08:15,523 [Worker-25: Building] WARN  o.e.m.c.i.embedder.EclipseLogger - Using platform encoding (UTF-8 actually) to copy filtered resources, i.e. build is platform dependent!
2023-03-28 12:08:15,525 [Worker-25: Building] INFO  o.e.m.c.i.embedder.EclipseLogger - Copying 0 resource
2023-03-28 12:08:29,458 [Worker-24: Building] WARN  o.e.m.c.i.embedder.EclipseLogger - Using platform encoding (UTF-8 actually) to copy filtered resources, i.e. build is platform dependent!
2023-03-28 12:08:29,460 [Worker-24: Building] INFO  o.e.m.c.i.embedder.EclipseLogger - Copying 0 resource
2023-03-28 12:08:29,464 [Worker-24: Building] WARN  o.e.m.c.i.embedder.EclipseLogger - Using platform encoding (UTF-8 actually) to copy filtered resources, i.e. build is platform dependent!
2023-03-28 12:08:29,466 [Worker-24: Building] INFO  o.e.m.c.i.embedder.EclipseLogger - Copying 0 resource
2023-03-28 12:09:36,951 [Worker-27: Building] WARN  o.e.m.c.i.embedder.EclipseLogger - Using platform encoding (UTF-8 actually) to copy filtered resources, i.e. build is platform dependent!
2023-03-28 12:09:36,954 [Worker-27: Building] INFO  o.e.m.c.i.embedder.EclipseLogger - Copying 0 resource
2023-03-28 12:09:36,958 [Worker-27: Building] WARN  o.e.m.c.i.embedder.EclipseLogger - Using platform encoding (UTF-8 actually) to copy filtered resources, i.e. build is platform dependent!
2023-03-28 12:09:36,961 [Worker-27: Building] INFO  o.e.m.c.i.embedder.EclipseLogger - Copying 0 resource
2023-03-28 12:10:10,613 [Worker-27: Building] WARN  o.e.m.c.i.embedder.EclipseLogger - Using platform encoding (UTF-8 actually) to copy filtered resources, i.e. build is platform dependent!
2023-03-28 12:10:10,615 [Worker-27: Building] INFO  o.e.m.c.i.embedder.EclipseLogger - Copying 0 resource
2023-03-28 12:10:10,619 [Worker-27: Building] WARN  o.e.m.c.i.embedder.EclipseLogger - Using platform encoding (UTF-8 actually) to copy filtered resources, i.e. build is platform dependent!
2023-03-28 12:10:10,622 [Worker-27: Building] INFO  o.e.m.c.i.embedder.EclipseLogger - Copying 0 resource
2023-03-28 12:15:56,952 [Worker-33: Building] INFO  o.e.m.c.i.l.LifecycleMappingFactory - Using org.eclipse.m2e.jdt.JarLifecycleMapping lifecycle mapping for MavenProject: com.stm:TestAutomation-Framework:0.0.1-SNAPSHOT @ C:\Users\krish\eclipse-workspace\SeleniumFrameWork\TestAutomation-Framework\pom.xml.
2023-03-28 12:15:59,901 [Worker-33: Building] WARN  o.e.m.c.i.embedder.EclipseLogger - The POM for org.testng:testng:jar:5.14.3 is invalid, transitive dependencies (if any) will not be available, enable debug logging for more details
2023-03-28 12:15:59,925 [Worker-33: Building] WARN  o.e.m.c.i.embedder.EclipseLogger - The POM for org.testng:testng:jar:5.14.4 is invalid, transitive dependencies (if any) will not be available, enable debug logging for more details
2023-03-28 12:15:59,944 [Worker-33: Building] WARN  o.e.m.c.i.embedder.EclipseLogger - The POM for org.testng:testng:jar:5.14.5 is invalid, transitive dependencies (if any) will not be available, enable debug logging for more details
2023-03-28 12:16:01,231 [Worker-33: Building] WARN  o.e.m.c.i.embedder.EclipseLogger - The POM for com.beust:jcommander:jar:1.66 is missing, no dependency information available
2023-03-28 12:16:02,823 [Worker-33: Building] WARN  o.e.m.c.i.embedder.EclipseLogger - Using platform encoding (UTF-8 actually) to copy filtered resources, i.e. build is platform dependent!
2023-03-28 12:16:02,825 [Worker-33: Building] INFO  o.e.m.c.i.embedder.EclipseLogger - Copying 0 resource
2023-03-28 12:16:02,830 [Worker-33: Building] WARN  o.e.m.c.i.embedder.EclipseLogger - Using platform encoding (UTF-8 actually) to copy filtered resources, i.e. build is platform dependent!
2023-03-28 12:16:02,832 [Worker-33: Building] INFO  o.e.m.c.i.embedder.EclipseLogger - Copying 0 resource
2023-03-28 12:16:03,592 [Worker-27: Download sources and javadoc] INFO  o.e.m.c.i.e.AbstractTransferListenerAdapter - Downloading https://repo.maven.apache.org/maven2/org/testng/testng/7.7.1/testng-7.7.1-sources.jar
2023-03-28 12:16:03,869 [Worker-27: Download sources and javadoc] INFO  o.e.m.c.i.e.AbstractTransferListenerAdapter - Downloaded https://repo.maven.apache.org/maven2/org/testng/testng/7.7.1/testng-7.7.1-sources.jar
2023-03-28 12:16:03,876 [Worker-27: Download sources and javadoc] INFO  o.e.m.j.internal.DownloadSourcesJob - Downloaded sources for org.testng:testng:7.7.1
2023-03-28 12:16:03,980 [Worker-27: Download sources and javadoc] INFO  o.e.m.c.i.e.AbstractTransferListenerAdapter - Downloading https://repo.maven.apache.org/maven2/org/webjars/jquery/3.6.1/jquery-3.6.1-sources.jar
2023-03-28 12:16:04,059 [Worker-27: Download sources and javadoc] INFO  o.e.m.c.i.e.AbstractTransferListenerAdapter - Downloaded https://repo.maven.apache.org/maven2/org/webjars/jquery/3.6.1/jquery-3.6.1-sources.jar
2023-03-28 12:16:04,072 [Worker-27: Download sources and javadoc] INFO  o.e.m.j.internal.DownloadSourcesJob - Downloaded sources for org.webjars:jquery:3.6.1
2023-03-28 12:16:04,362 [Worker-29: Building] WARN  o.e.m.c.i.embedder.EclipseLogger - Using platform encoding (UTF-8 actually) to copy filtered resources, i.e. build is platform dependent!
2023-03-28 12:16:04,366 [Worker-29: Building] INFO  o.e.m.c.i.embedder.EclipseLogger - Copying 0 resource
2023-03-28 12:16:04,369 [Worker-29: Building] WARN  o.e.m.c.i.embedder.EclipseLogger - Using platform encoding (UTF-8 actually) to copy filtered resources, i.e. build is platform dependent!
2023-03-28 12:16:04,373 [Worker-29: Building] INFO  o.e.m.c.i.embedder.EclipseLogger - Copying 0 resource
2023-03-28 12:27:46,639 [Worker-42: Building] INFO  o.e.m.c.i.l.LifecycleMappingFactory - Using org.eclipse.m2e.jdt.JarLifecycleMapping lifecycle mapping for MavenProject: com.stm:TestAutomation-Framework:0.0.1-SNAPSHOT @ C:\Users\krish\eclipse-workspace\SeleniumFrameWork\TestAutomation-Framework\pom.xml.
2023-03-28 12:27:46,876 [Worker-42: Building] WARN  o.e.m.c.i.embedder.EclipseLogger - The POM for org.testng:testng:jar:5.14.3 is invalid, transitive dependencies (if any) will not be available, enable debug logging for more details
2023-03-28 12:27:46,880 [Worker-42: Building] WARN  o.e.m.c.i.embedder.EclipseLogger - The POM for org.testng:testng:jar:5.14.4 is invalid, transitive dependencies (if any) will not be available, enable debug logging for more details
2023-03-28 12:27:46,883 [Worker-42: Building] WARN  o.e.m.c.i.embedder.EclipseLogger - The POM for org.testng:testng:jar:5.14.5 is invalid, transitive dependencies (if any) will not be available, enable debug logging for more details
2023-03-28 12:27:46,968 [Worker-42: Building] WARN  o.e.m.c.i.embedder.EclipseLogger - The POM for com.beust:jcommander:jar:1.66 is missing, no dependency information available
2023-03-28 12:27:49,645 [Worker-42: Building] WARN  o.e.m.c.i.embedder.EclipseLogger - Using platform encoding (UTF-8 actually) to copy filtered resources, i.e. build is platform dependent!
2023-03-28 12:27:49,648 [Worker-42: Building] INFO  o.e.m.c.i.embedder.EclipseLogger - Copying 0 resource
2023-03-28 12:27:49,653 [Worker-42: Building] WARN  o.e.m.c.i.embedder.EclipseLogger - Using platform encoding (UTF-8 actually) to copy filtered resources, i.e. build is platform dependent!
2023-03-28 12:27:49,655 [Worker-42: Building] INFO  o.e.m.c.i.embedder.EclipseLogger - Copying 0 resource
2023-03-28 12:27:49,765 [Worker-43: Download sources and javadoc] INFO  o.e.m.c.i.e.AbstractTransferListenerAdapter - Downloading https://repo.maven.apache.org/maven2/org/apache/logging/log4j/log4j-core/2.20.0/log4j-core-2.20.0-sources.jar
2023-03-28 12:27:50,084 [Worker-43: Download sources and javadoc] INFO  o.e.m.c.i.e.AbstractTransferListenerAdapter - Downloaded https://repo.maven.apache.org/maven2/org/apache/logging/log4j/log4j-core/2.20.0/log4j-core-2.20.0-sources.jar
2023-03-28 12:27:50,089 [Worker-43: Download sources and javadoc] INFO  o.e.m.j.internal.DownloadSourcesJob - Downloaded sources for org.apache.logging.log4j:log4j-core:2.20.0
2023-03-28 12:27:50,197 [Worker-43: Download sources and javadoc] INFO  o.e.m.c.i.e.AbstractTransferListenerAdapter - Downloading https://repo.maven.apache.org/maven2/org/apache/logging/log4j/log4j-api/2.20.0/log4j-api-2.20.0-sources.jar
2023-03-28 12:27:50,333 [Worker-43: Download sources and javadoc] INFO  o.e.m.c.i.e.AbstractTransferListenerAdapter - Downloaded https://repo.maven.apache.org/maven2/org/apache/logging/log4j/log4j-api/2.20.0/log4j-api-2.20.0-sources.jar
2023-03-28 12:27:50,337 [Worker-43: Download sources and javadoc] INFO  o.e.m.j.internal.DownloadSourcesJob - Downloaded sources for org.apache.logging.log4j:log4j-api:2.20.0
2023-03-28 12:27:50,467 [Worker-43: Download sources and javadoc] INFO  o.e.m.c.i.e.AbstractTransferListenerAdapter - Downloading https://repo.maven.apache.org/maven2/io/github/bonigarcia/webdrivermanager/5.3.2/webdrivermanager-5.3.2-sources.jar
2023-03-28 12:27:50,633 [Worker-43: Download sources and javadoc] INFO  o.e.m.c.i.e.AbstractTransferListenerAdapter - Downloaded https://repo.maven.apache.org/maven2/io/github/bonigarcia/webdrivermanager/5.3.2/webdrivermanager-5.3.2-sources.jar
2023-03-28 12:27:50,636 [Worker-43: Download sources and javadoc] INFO  o.e.m.j.internal.DownloadSourcesJob - Downloaded sources for io.github.bonigarcia:webdrivermanager:5.3.2
2023-03-28 12:27:50,728 [Worker-43: Download sources and javadoc] INFO  o.e.m.c.i.e.AbstractTransferListenerAdapter - Downloading https://repo.maven.apache.org/maven2/com/google/code/gson/gson/2.10.1/gson-2.10.1-sources.jar
2023-03-28 12:27:50,824 [Worker-43: Download sources and javadoc] INFO  o.e.m.c.i.e.AbstractTransferListenerAdapter - Downloaded https://repo.maven.apache.org/maven2/com/google/code/gson/gson/2.10.1/gson-2.10.1-sources.jar
2023-03-28 12:27:50,829 [Worker-43: Download sources and javadoc] INFO  o.e.m.j.internal.DownloadSourcesJob - Downloaded sources for com.google.code.gson:gson:2.10.1
2023-03-28 12:27:50,952 [Worker-43: Download sources and javadoc] INFO  o.e.m.c.i.e.AbstractTransferListenerAdapter - Downloading https://repo.maven.apache.org/maven2/com/github/docker-java/docker-java/3.2.14/docker-java-3.2.14-sources.jar
2023-03-28 12:27:51,072 [Worker-43: Download sources and javadoc] INFO  o.e.m.c.i.e.AbstractTransferListenerAdapter - Downloaded https://repo.maven.apache.org/maven2/com/github/docker-java/docker-java/3.2.14/docker-java-3.2.14-sources.jar
2023-03-28 12:27:51,076 [Worker-43: Download sources and javadoc] INFO  o.e.m.j.internal.DownloadSourcesJob - Downloaded sources for com.github.docker-java:docker-java:3.2.14
2023-03-28 12:27:51,202 [Worker-43: Download sources and javadoc] INFO  o.e.m.c.i.e.AbstractTransferListenerAdapter - Downloading https://repo.maven.apache.org/maven2/com/github/docker-java/docker-java-core/3.2.14/docker-java-core-3.2.14-sources.jar
2023-03-28 12:27:51,342 [Worker-43: Download sources and javadoc] INFO  o.e.m.c.i.e.AbstractTransferListenerAdapter - Downloaded https://repo.maven.apache.org/maven2/com/github/docker-java/docker-java-core/3.2.14/docker-java-core-3.2.14-sources.jar
2023-03-28 12:27:51,345 [Worker-43: Download sources and javadoc] INFO  o.e.m.j.internal.DownloadSourcesJob - Downloaded sources for com.github.docker-java:docker-java-core:3.2.14
2023-03-28 12:27:51,401 [Worker-41: Building] WARN  o.e.m.c.i.embedder.EclipseLogger - Using platform encoding (UTF-8 actually) to copy filtered resources, i.e. build is platform dependent!
2023-03-28 12:27:51,404 [Worker-41: Building] INFO  o.e.m.c.i.embedder.EclipseLogger - Copying 0 resource
2023-03-28 12:27:51,408 [Worker-41: Building] WARN  o.e.m.c.i.embedder.EclipseLogger - Using platform encoding (UTF-8 actually) to copy filtered resources, i.e. build is platform dependent!
2023-03-28 12:27:51,411 [Worker-41: Building] INFO  o.e.m.c.i.embedder.EclipseLogger - Copying 0 resource
2023-03-28 12:27:51,433 [Worker-43: Download sources and javadoc] INFO  o.e.m.c.i.e.AbstractTransferListenerAdapter - Downloading https://repo.maven.apache.org/maven2/com/github/docker-java/docker-java-api/3.2.14/docker-java-api-3.2.14-sources.jar
2023-03-28 12:27:51,526 [Worker-43: Download sources and javadoc] INFO  o.e.m.c.i.e.AbstractTransferListenerAdapter - Downloaded https://repo.maven.apache.org/maven2/com/github/docker-java/docker-java-api/3.2.14/docker-java-api-3.2.14-sources.jar
2023-03-28 12:27:51,532 [Worker-43: Download sources and javadoc] INFO  o.e.m.j.internal.DownloadSourcesJob - Downloaded sources for com.github.docker-java:docker-java-api:3.2.14
2023-03-28 12:27:51,624 [Worker-43: Download sources and javadoc] INFO  o.e.m.c.i.e.AbstractTransferListenerAdapter - Downloading https://repo.maven.apache.org/maven2/com/github/docker-java/docker-java-transport-httpclient5/3.2.14/docker-java-transport-httpclient5-3.2.14-sources.jar
2023-03-28 12:27:51,827 [Worker-43: Download sources and javadoc] INFO  o.e.m.c.i.e.AbstractTransferListenerAdapter - Downloaded https://repo.maven.apache.org/maven2/com/github/docker-java/docker-java-transport-httpclient5/3.2.14/docker-java-transport-httpclient5-3.2.14-sources.jar
2023-03-28 12:27:51,831 [Worker-43: Download sources and javadoc] INFO  o.e.m.j.internal.DownloadSourcesJob - Downloaded sources for com.github.docker-java:docker-java-transport-httpclient5:3.2.14
2023-03-28 12:27:51,916 [Worker-43: Download sources and javadoc] INFO  o.e.m.c.i.e.AbstractTransferListenerAdapter - Downloading https://repo.maven.apache.org/maven2/com/github/docker-java/docker-java-transport/3.2.14/docker-java-transport-3.2.14-sources.jar
2023-03-28 12:27:52,053 [Worker-43: Download sources and javadoc] INFO  o.e.m.c.i.e.AbstractTransferListenerAdapter - Downloaded https://repo.maven.apache.org/maven2/com/github/docker-java/docker-java-transport/3.2.14/docker-java-transport-3.2.14-sources.jar
2023-03-28 12:27:52,058 [Worker-43: Download sources and javadoc] INFO  o.e.m.j.internal.DownloadSourcesJob - Downloaded sources for com.github.docker-java:docker-java-transport:3.2.14
2023-03-28 12:27:52,149 [Worker-43: Download sources and javadoc] INFO  o.e.m.c.i.e.AbstractTransferListenerAdapter - Downloading https://repo.maven.apache.org/maven2/net/java/dev/jna/jna/5.12.1/jna-5.12.1-sources.jar
2023-03-28 12:27:52,240 [Worker-43: Download sources and javadoc] INFO  o.e.m.c.i.e.AbstractTransferListenerAdapter - Downloaded https://repo.maven.apache.org/maven2/net/java/dev/jna/jna/5.12.1/jna-5.12.1-sources.jar
2023-03-28 12:27:52,245 [Worker-43: Download sources and javadoc] INFO  o.e.m.j.internal.DownloadSourcesJob - Downloaded sources for net.java.dev.jna:jna:5.12.1
2023-03-28 12:27:52,330 [Worker-43: Download sources and javadoc] INFO  o.e.m.c.i.e.AbstractTransferListenerAdapter - Downloading https://repo.maven.apache.org/maven2/org/apache/httpcomponents/client5/httpclient5/5.2.1/httpclient5-5.2.1-sources.jar
2023-03-28 12:27:52,478 [Worker-43: Download sources and javadoc] INFO  o.e.m.c.i.e.AbstractTransferListenerAdapter - Downloaded https://repo.maven.apache.org/maven2/org/apache/httpcomponents/client5/httpclient5/5.2.1/httpclient5-5.2.1-sources.jar
2023-03-28 12:27:52,482 [Worker-43: Download sources and javadoc] INFO  o.e.m.j.internal.DownloadSourcesJob - Downloaded sources for org.apache.httpcomponents.client5:httpclient5:5.2.1
2023-03-28 12:27:52,565 [Worker-43: Download sources and javadoc] INFO  o.e.m.c.i.e.AbstractTransferListenerAdapter - Downloading https://repo.maven.apache.org/maven2/org/apache/httpcomponents/core5/httpcore5/5.2/httpcore5-5.2-sources.jar
2023-03-28 12:27:52,719 [Worker-43: Download sources and javadoc] INFO  o.e.m.c.i.e.AbstractTransferListenerAdapter - Downloaded https://repo.maven.apache.org/maven2/org/apache/httpcomponents/core5/httpcore5/5.2/httpcore5-5.2-sources.jar
2023-03-28 12:27:52,725 [Worker-43: Download sources and javadoc] INFO  o.e.m.j.internal.DownloadSourcesJob - Downloaded sources for org.apache.httpcomponents.core5:httpcore5:5.2
2023-03-28 12:27:52,812 [Worker-43: Download sources and javadoc] INFO  o.e.m.c.i.e.AbstractTransferListenerAdapter - Downloading https://repo.maven.apache.org/maven2/org/apache/httpcomponents/core5/httpcore5-h2/5.2/httpcore5-h2-5.2-sources.jar
2023-03-28 12:27:52,918 [Worker-43: Download sources and javadoc] INFO  o.e.m.c.i.e.AbstractTransferListenerAdapter - Downloaded https://repo.maven.apache.org/maven2/org/apache/httpcomponents/core5/httpcore5-h2/5.2/httpcore5-h2-5.2-sources.jar
2023-03-28 12:27:52,923 [Worker-43: Download sources and javadoc] INFO  o.e.m.j.internal.DownloadSourcesJob - Downloaded sources for org.apache.httpcomponents.core5:httpcore5-h2:5.2
2023-03-28 12:27:53,285 [Worker-43: Building] WARN  o.e.m.c.i.embedder.EclipseLogger - Using platform encoding (UTF-8 actually) to copy filtered resources, i.e. build is platform dependent!
2023-03-28 12:27:53,287 [Worker-43: Building] INFO  o.e.m.c.i.embedder.EclipseLogger - Copying 0 resource
2023-03-28 12:27:53,290 [Worker-43: Building] WARN  o.e.m.c.i.embedder.EclipseLogger - Using platform encoding (UTF-8 actually) to copy filtered resources, i.e. build is platform dependent!
2023-03-28 12:27:53,292 [Worker-43: Building] INFO  o.e.m.c.i.embedder.EclipseLogger - Copying 0 resource
2023-03-28 12:30:08,017 [Worker-44: Building] INFO  o.e.m.c.i.l.LifecycleMappingFactory - Using org.eclipse.m2e.jdt.JarLifecycleMapping lifecycle mapping for MavenProject: com.stm:TestAutomation-Framework:0.0.1-SNAPSHOT @ C:\Users\krish\eclipse-workspace\SeleniumFrameWork\TestAutomation-Framework\pom.xml.
2023-03-28 12:30:08,192 [Worker-44: Building] WARN  o.e.m.c.i.embedder.EclipseLogger - The POM for org.testng:testng:jar:5.14.3 is invalid, transitive dependencies (if any) will not be available, enable debug logging for more details
2023-03-28 12:30:08,196 [Worker-44: Building] WARN  o.e.m.c.i.embedder.EclipseLogger - The POM for org.testng:testng:jar:5.14.4 is invalid, transitive dependencies (if any) will not be available, enable debug logging for more details
2023-03-28 12:30:08,199 [Worker-44: Building] WARN  o.e.m.c.i.embedder.EclipseLogger - The POM for org.testng:testng:jar:5.14.5 is invalid, transitive dependencies (if any) will not be available, enable debug logging for more details
2023-03-28 12:30:08,283 [Worker-44: Building] WARN  o.e.m.c.i.embedder.EclipseLogger - The POM for com.beust:jcommander:jar:1.66 is missing, no dependency information available
2023-03-28 12:30:08,794 [Worker-44: Building] WARN  o.e.m.c.i.embedder.EclipseLogger - Using platform encoding (UTF-8 actually) to copy filtered resources, i.e. build is platform dependent!
2023-03-28 12:30:08,799 [Worker-44: Building] INFO  o.e.m.c.i.embedder.EclipseLogger - Copying 0 resource
2023-03-28 12:30:08,802 [Worker-44: Building] WARN  o.e.m.c.i.embedder.EclipseLogger - Using platform encoding (UTF-8 actually) to copy filtered resources, i.e. build is platform dependent!
2023-03-28 12:30:08,804 [Worker-44: Building] INFO  o.e.m.c.i.embedder.EclipseLogger - Copying 0 resource
2023-03-28 12:38:26,375 [Worker-32: Building] WARN  o.e.m.c.i.embedder.EclipseLogger - Using platform encoding (UTF-8 actually) to copy filtered resources, i.e. build is platform dependent!
2023-03-28 12:38:26,378 [Worker-32: Building] INFO  o.e.m.c.i.embedder.EclipseLogger - Copying 0 resource
2023-03-28 12:38:26,382 [Worker-32: Building] WARN  o.e.m.c.i.embedder.EclipseLogger - Using platform encoding (UTF-8 actually) to copy filtered resources, i.e. build is platform dependent!
2023-03-28 12:38:26,387 [Worker-32: Building] INFO  o.e.m.c.i.embedder.EclipseLogger - Copying 0 resource
2023-03-28 12:38:27,428 [Worker-41: Building] WARN  o.e.m.c.i.embedder.EclipseLogger - Using platform encoding (UTF-8 actually) to copy filtered resources, i.e. build is platform dependent!
2023-03-28 12:38:27,431 [Worker-41: Building] INFO  o.e.m.c.i.embedder.EclipseLogger - Copying 0 resource
2023-03-28 12:38:27,434 [Worker-41: Building] WARN  o.e.m.c.i.embedder.EclipseLogger - Using platform encoding (UTF-8 actually) to copy filtered resources, i.e. build is platform dependent!
2023-03-28 12:38:27,436 [Worker-41: Building] INFO  o.e.m.c.i.embedder.EclipseLogger - Copying 0 resource
2023-03-28 12:51:40,807 [Worker-46: Launching Testcase1] WARN  o.e.m.c.i.embedder.EclipseLogger - Using platform encoding (UTF-8 actually) to copy filtered resources, i.e. build is platform dependent!
2023-03-28 12:51:40,809 [Worker-46: Launching Testcase1] INFO  o.e.m.c.i.embedder.EclipseLogger - Copying 0 resource
2023-03-28 12:51:40,813 [Worker-46: Launching Testcase1] WARN  o.e.m.c.i.embedder.EclipseLogger - Using platform encoding (UTF-8 actually) to copy filtered resources, i.e. build is platform dependent!
2023-03-28 12:51:40,817 [Worker-46: Launching Testcase1] INFO  o.e.m.c.i.embedder.EclipseLogger - Copying 0 resource
2023-03-28 12:53:25,417 [Worker-32: Launching Testcase1] WARN  o.e.m.c.i.embedder.EclipseLogger - Using platform encoding (UTF-8 actually) to copy filtered resources, i.e. build is platform dependent!
2023-03-28 12:53:25,418 [Worker-32: Launching Testcase1] INFO  o.e.m.c.i.embedder.EclipseLogger - Copying 0 resource
2023-03-28 12:53:25,421 [Worker-32: Launching Testcase1] WARN  o.e.m.c.i.embedder.EclipseLogger - Using platform encoding (UTF-8 actually) to copy filtered resources, i.e. build is platform dependent!
2023-03-28 12:53:25,424 [Worker-32: Launching Testcase1] INFO  o.e.m.c.i.embedder.EclipseLogger - Copying 0 resource
2023-03-28 13:36:04,642 [Worker-52: Building] WARN  o.e.m.c.i.embedder.EclipseLogger - Using platform encoding (UTF-8 actually) to copy filtered resources, i.e. build is platform dependent!
2023-03-28 13:36:04,644 [Worker-52: Building] INFO  o.e.m.c.i.embedder.EclipseLogger - Copying 0 resource
2023-03-28 13:36:04,648 [Worker-52: Building] WARN  o.e.m.c.i.embedder.EclipseLogger - Using platform encoding (UTF-8 actually) to copy filtered resources, i.e. build is platform dependent!
2023-03-28 13:36:04,651 [Worker-52: Building] INFO  o.e.m.c.i.embedder.EclipseLogger - Copying 0 resource
2023-03-29 10:23:58,685 [Worker-1: Loading available Gradle versions] INFO  o.e.b.c.i.u.g.PublishedGradleVersions - Gradle version information cache is up-to-date. Trying to read.
2023-03-29 10:38:36,209 [Worker-24: Building] WARN  o.e.m.c.i.embedder.EclipseLogger - The POM for org.testng:testng:jar:5.14.3 is invalid, transitive dependencies (if any) will not be available, enable debug logging for more details
2023-03-29 10:38:36,242 [Worker-24: Building] WARN  o.e.m.c.i.embedder.EclipseLogger - The POM for org.testng:testng:jar:5.14.4 is invalid, transitive dependencies (if any) will not be available, enable debug logging for more details
2023-03-29 10:38:36,270 [Worker-24: Building] WARN  o.e.m.c.i.embedder.EclipseLogger - The POM for org.testng:testng:jar:5.14.5 is invalid, transitive dependencies (if any) will not be available, enable debug logging for more details
2023-03-29 10:38:39,408 [Worker-24: Building] WARN  o.e.m.c.i.embedder.EclipseLogger - The POM for com.beust:jcommander:jar:1.66 is missing, no dependency information available
2023-03-29 10:38:51,122 [Worker-24: Building] WARN  o.e.m.c.i.embedder.EclipseLogger - Using platform encoding (UTF-8 actually) to copy filtered resources, i.e. build is platform dependent!
2023-03-29 10:38:51,132 [Worker-24: Building] INFO  o.e.m.c.i.embedder.EclipseLogger - Copying 0 resource
2023-03-29 10:38:51,138 [Worker-24: Building] WARN  o.e.m.c.i.embedder.EclipseLogger - Using platform encoding (UTF-8 actually) to copy filtered resources, i.e. build is platform dependent!
2023-03-29 10:38:51,140 [Worker-24: Building] INFO  o.e.m.c.i.embedder.EclipseLogger - Copying 1 resource
2023-03-29 10:41:34,182 [Worker-25: Building] WARN  o.e.m.c.i.embedder.EclipseLogger - Using platform encoding (UTF-8 actually) to copy filtered resources, i.e. build is platform dependent!
2023-03-29 10:41:34,191 [Worker-25: Building] INFO  o.e.m.c.i.embedder.EclipseLogger - Copying 0 resource
2023-03-29 10:41:34,198 [Worker-25: Building] WARN  o.e.m.c.i.embedder.EclipseLogger - Using platform encoding (UTF-8 actually) to copy filtered resources, i.e. build is platform dependent!
2023-03-29 10:41:34,208 [Worker-25: Building] INFO  o.e.m.c.i.embedder.EclipseLogger - Copying 1 resource
2023-03-29 10:48:43,037 [Worker-28: Launching ReadPropertyFile] WARN  o.e.m.c.i.embedder.EclipseLogger - Using platform encoding (UTF-8 actually) to copy filtered resources, i.e. build is platform dependent!
2023-03-29 10:48:43,039 [Worker-28: Launching ReadPropertyFile] INFO  o.e.m.c.i.embedder.EclipseLogger - Copying 0 resource
2023-03-29 10:48:43,044 [Worker-28: Launching ReadPropertyFile] WARN  o.e.m.c.i.embedder.EclipseLogger - Using platform encoding (UTF-8 actually) to copy filtered resources, i.e. build is platform dependent!
2023-03-29 10:48:43,049 [Worker-28: Launching ReadPropertyFile] INFO  o.e.m.c.i.embedder.EclipseLogger - Copying 1 resource
2023-03-29 10:50:04,596 [Worker-28: Building] WARN  o.e.m.c.i.embedder.EclipseLogger - Using platform encoding (UTF-8 actually) to copy filtered resources, i.e. build is platform dependent!
2023-03-29 10:50:04,598 [Worker-28: Building] INFO  o.e.m.c.i.embedder.EclipseLogger - Copying 0 resource
2023-03-29 10:50:04,601 [Worker-28: Building] WARN  o.e.m.c.i.embedder.EclipseLogger - Using platform encoding (UTF-8 actually) to copy filtered resources, i.e. build is platform dependent!
2023-03-29 10:50:04,606 [Worker-28: Building] INFO  o.e.m.c.i.embedder.EclipseLogger - Copying 1 resource
2023-03-29 10:51:26,625 [Worker-31: Building] WARN  o.e.m.c.i.embedder.EclipseLogger - Using platform encoding (UTF-8 actually) to copy filtered resources, i.e. build is platform dependent!
2023-03-29 10:51:26,628 [Worker-31: Building] INFO  o.e.m.c.i.embedder.EclipseLogger - Copying 0 resource
2023-03-29 10:51:26,632 [Worker-31: Building] WARN  o.e.m.c.i.embedder.EclipseLogger - Using platform encoding (UTF-8 actually) to copy filtered resources, i.e. build is platform dependent!
2023-03-29 10:51:26,635 [Worker-31: Building] INFO  o.e.m.c.i.embedder.EclipseLogger - Copying 1 resource
2023-03-29 11:13:40,272 [Worker-30: Building] WARN  o.e.m.c.i.embedder.EclipseLogger - Using platform encoding (UTF-8 actually) to copy filtered resources, i.e. build is platform dependent!
2023-03-29 11:13:40,274 [Worker-30: Building] INFO  o.e.m.c.i.embedder.EclipseLogger - Copying 0 resource
2023-03-29 11:13:40,277 [Worker-30: Building] WARN  o.e.m.c.i.embedder.EclipseLogger - Using platform encoding (UTF-8 actually) to copy filtered resources, i.e. build is platform dependent!
2023-03-29 11:13:40,282 [Worker-30: Building] INFO  o.e.m.c.i.embedder.EclipseLogger - Copying 1 resource
2023-03-29 11:19:55,575 [Worker-30: Building] WARN  o.e.m.c.i.embedder.EclipseLogger - Using platform encoding (UTF-8 actually) to copy filtered resources, i.e. build is platform dependent!
2023-03-29 11:19:55,576 [Worker-30: Building] INFO  o.e.m.c.i.embedder.EclipseLogger - Copying 0 resource
2023-03-29 11:19:55,579 [Worker-30: Building] WARN  o.e.m.c.i.embedder.EclipseLogger - Using platform encoding (UTF-8 actually) to copy filtered resources, i.e. build is platform dependent!
2023-03-29 11:19:55,582 [Worker-30: Building] INFO  o.e.m.c.i.embedder.EclipseLogger - Copying 1 resource
2023-03-29 11:23:39,903 [Worker-36: Building] WARN  o.e.m.c.i.embedder.EclipseLogger - Using platform encoding (UTF-8 actually) to copy filtered resources, i.e. build is platform dependent!
2023-03-29 11:23:39,905 [Worker-36: Building] INFO  o.e.m.c.i.embedder.EclipseLogger - Copying 0 resource
2023-03-29 11:23:39,909 [Worker-36: Building] WARN  o.e.m.c.i.embedder.EclipseLogger - Using platform encoding (UTF-8 actually) to copy filtered resources, i.e. build is platform dependent!
2023-03-29 11:23:39,912 [Worker-36: Building] INFO  o.e.m.c.i.embedder.EclipseLogger - Copying 1 resource
2023-03-29 11:29:19,984 [Worker-36: Building] WARN  o.e.m.c.i.embedder.EclipseLogger - Using platform encoding (UTF-8 actually) to copy filtered resources, i.e. build is platform dependent!
2023-03-29 11:29:19,987 [Worker-36: Building] INFO  o.e.m.c.i.embedder.EclipseLogger - Copying 0 resource
2023-03-29 11:29:19,991 [Worker-36: Building] WARN  o.e.m.c.i.embedder.EclipseLogger - Using platform encoding (UTF-8 actually) to copy filtered resources, i.e. build is platform dependent!
2023-03-29 11:29:19,995 [Worker-36: Building] INFO  o.e.m.c.i.embedder.EclipseLogger - Copying 1 resource
2023-03-29 11:31:41,533 [Worker-42: Building] WARN  o.e.m.c.i.embedder.EclipseLogger - Using platform encoding (UTF-8 actually) to copy filtered resources, i.e. build is platform dependent!
2023-03-29 11:31:41,535 [Worker-42: Building] INFO  o.e.m.c.i.embedder.EclipseLogger - Copying 0 resource
2023-03-29 11:31:41,538 [Worker-42: Building] WARN  o.e.m.c.i.embedder.EclipseLogger - Using platform encoding (UTF-8 actually) to copy filtered resources, i.e. build is platform dependent!
2023-03-29 11:31:41,541 [Worker-42: Building] INFO  o.e.m.c.i.embedder.EclipseLogger - Copying 1 resource
2023-03-29 11:39:46,245 [Worker-41: Launching Testcase1] WARN  o.e.m.c.i.embedder.EclipseLogger - Using platform encoding (UTF-8 actually) to copy filtered resources, i.e. build is platform dependent!
2023-03-29 11:39:46,248 [Worker-41: Launching Testcase1] INFO  o.e.m.c.i.embedder.EclipseLogger - Copying 0 resource
2023-03-29 11:39:46,252 [Worker-41: Launching Testcase1] WARN  o.e.m.c.i.embedder.EclipseLogger - Using platform encoding (UTF-8 actually) to copy filtered resources, i.e. build is platform dependent!
2023-03-29 11:39:46,256 [Worker-41: Launching Testcase1] INFO  o.e.m.c.i.embedder.EclipseLogger - Copying 1 resource
2023-03-29 11:40:52,791 [Worker-46: Launching Testcase1] WARN  o.e.m.c.i.embedder.EclipseLogger - Using platform encoding (UTF-8 actually) to copy filtered resources, i.e. build is platform dependent!
2023-03-29 11:40:52,793 [Worker-46: Launching Testcase1] INFO  o.e.m.c.i.embedder.EclipseLogger - Copying 0 resource
2023-03-29 11:40:52,797 [Worker-46: Launching Testcase1] WARN  o.e.m.c.i.embedder.EclipseLogger - Using platform encoding (UTF-8 actually) to copy filtered resources, i.e. build is platform dependent!
2023-03-29 11:40:52,801 [Worker-46: Launching Testcase1] INFO  o.e.m.c.i.embedder.EclipseLogger - Copying 1 resource
2023-03-29 11:52:56,411 [Worker-53: Launching Testcase1] WARN  o.e.m.c.i.embedder.EclipseLogger - Using platform encoding (UTF-8 actually) to copy filtered resources, i.e. build is platform dependent!
2023-03-29 11:52:56,413 [Worker-53: Launching Testcase1] INFO  o.e.m.c.i.embedder.EclipseLogger - Copying 0 resource
2023-03-29 11:52:56,415 [Worker-53: Launching Testcase1] WARN  o.e.m.c.i.embedder.EclipseLogger - Using platform encoding (UTF-8 actually) to copy filtered resources, i.e. build is platform dependent!
2023-03-29 11:52:56,419 [Worker-53: Launching Testcase1] INFO  o.e.m.c.i.embedder.EclipseLogger - Copying 1 resource
2023-03-29 11:53:20,895 [Worker-53: Launching Testcase1] WARN  o.e.m.c.i.embedder.EclipseLogger - Using platform encoding (UTF-8 actually) to copy filtered resources, i.e. build is platform dependent!
2023-03-29 11:53:20,898 [Worker-53: Launching Testcase1] INFO  o.e.m.c.i.embedder.EclipseLogger - Copying 0 resource
2023-03-29 11:53:20,902 [Worker-53: Launching Testcase1] WARN  o.e.m.c.i.embedder.EclipseLogger - Using platform encoding (UTF-8 actually) to copy filtered resources, i.e. build is platform dependent!
2023-03-29 11:53:20,905 [Worker-53: Launching Testcase1] INFO  o.e.m.c.i.embedder.EclipseLogger - Copying 1 resource
2023-03-29 11:56:48,747 [Worker-61: Launching Testcase1] WARN  o.e.m.c.i.embedder.EclipseLogger - Using platform encoding (UTF-8 actually) to copy filtered resources, i.e. build is platform dependent!
2023-03-29 11:56:48,749 [Worker-61: Launching Testcase1] INFO  o.e.m.c.i.embedder.EclipseLogger - Copying 0 resource
2023-03-29 11:56:48,755 [Worker-61: Launching Testcase1] WARN  o.e.m.c.i.embedder.EclipseLogger - Using platform encoding (UTF-8 actually) to copy filtered resources, i.e. build is platform dependent!
2023-03-29 11:56:48,759 [Worker-61: Launching Testcase1] INFO  o.e.m.c.i.embedder.EclipseLogger - Copying 1 resource
2023-03-29 11:57:28,195 [Worker-62: Building] WARN  o.e.m.c.i.embedder.EclipseLogger - Using platform encoding (UTF-8 actually) to copy filtered resources, i.e. build is platform dependent!
2023-03-29 11:57:28,197 [Worker-62: Building] INFO  o.e.m.c.i.embedder.EclipseLogger - Copying 0 resource
2023-03-29 11:57:28,202 [Worker-62: Building] WARN  o.e.m.c.i.embedder.EclipseLogger - Using platform encoding (UTF-8 actually) to copy filtered resources, i.e. build is platform dependent!
2023-03-29 11:57:28,206 [Worker-62: Building] INFO  o.e.m.c.i.embedder.EclipseLogger - Copying 1 resource
2023-03-29 11:58:10,233 [Worker-57: Building] WARN  o.e.m.c.i.embedder.EclipseLogger - Using platform encoding (UTF-8 actually) to copy filtered resources, i.e. build is platform dependent!
2023-03-29 11:58:10,234 [Worker-57: Building] INFO  o.e.m.c.i.embedder.EclipseLogger - Copying 0 resource
2023-03-29 11:58:10,237 [Worker-57: Building] WARN  o.e.m.c.i.embedder.EclipseLogger - Using platform encoding (UTF-8 actually) to copy filtered resources, i.e. build is platform dependent!
2023-03-29 11:58:10,239 [Worker-57: Building] INFO  o.e.m.c.i.embedder.EclipseLogger - Copying 1 resource
2023-03-29 11:59:28,246 [Worker-58: Launching Testcase1] WARN  o.e.m.c.i.embedder.EclipseLogger - Using platform encoding (UTF-8 actually) to copy filtered resources, i.e. build is platform dependent!
2023-03-29 11:59:28,249 [Worker-58: Launching Testcase1] INFO  o.e.m.c.i.embedder.EclipseLogger - Copying 0 resource
2023-03-29 11:59:28,252 [Worker-58: Launching Testcase1] WARN  o.e.m.c.i.embedder.EclipseLogger - Using platform encoding (UTF-8 actually) to copy filtered resources, i.e. build is platform dependent!
2023-03-29 11:59:28,257 [Worker-58: Launching Testcase1] INFO  o.e.m.c.i.embedder.EclipseLogger - Copying 1 resource
2023-03-29 14:09:19,240 [Worker-64: Launching Testcase1] WARN  o.e.m.c.i.embedder.EclipseLogger - Using platform encoding (UTF-8 actually) to copy filtered resources, i.e. build is platform dependent!
2023-03-29 14:09:19,243 [Worker-64: Launching Testcase1] INFO  o.e.m.c.i.embedder.EclipseLogger - Copying 0 resource
2023-03-29 14:09:19,249 [Worker-64: Launching Testcase1] WARN  o.e.m.c.i.embedder.EclipseLogger - Using platform encoding (UTF-8 actually) to copy filtered resources, i.e. build is platform dependent!
2023-03-29 14:09:19,252 [Worker-64: Launching Testcase1] INFO  o.e.m.c.i.embedder.EclipseLogger - Copying 1 resource
2023-03-29 14:21:32,257 [Worker-67: Launching Testcase1] WARN  o.e.m.c.i.embedder.EclipseLogger - Using platform encoding (UTF-8 actually) to copy filtered resources, i.e. build is platform dependent!
2023-03-29 14:21:32,259 [Worker-67: Launching Testcase1] INFO  o.e.m.c.i.embedder.EclipseLogger - Copying 0 resource
2023-03-29 14:21:32,262 [Worker-67: Launching Testcase1] WARN  o.e.m.c.i.embedder.EclipseLogger - Using platform encoding (UTF-8 actually) to copy filtered resources, i.e. build is platform dependent!
2023-03-29 14:21:32,266 [Worker-67: Launching Testcase1] INFO  o.e.m.c.i.embedder.EclipseLogger - Copying 1 resource
2023-03-29 14:27:13,340 [Worker-74: Building] INFO  o.e.m.c.i.l.LifecycleMappingFactory - Using org.eclipse.m2e.jdt.JarLifecycleMapping lifecycle mapping for MavenProject: com.stm:TestAutomation-Framework:0.0.1-SNAPSHOT @ C:\Users\krish\eclipse-workspace\SeleniumFrameWork\TestAutomation-Framework\pom.xml.
2023-03-29 14:27:15,475 [Worker-74: Building] WARN  o.e.m.c.i.embedder.EclipseLogger - The POM for org.testng:testng:jar:5.14.3 is invalid, transitive dependencies (if any) will not be available, enable debug logging for more details
2023-03-29 14:27:15,486 [Worker-74: Building] WARN  o.e.m.c.i.embedder.EclipseLogger - The POM for org.testng:testng:jar:5.14.4 is invalid, transitive dependencies (if any) will not be available, enable debug logging for more details
2023-03-29 14:27:15,497 [Worker-74: Building] WARN  o.e.m.c.i.embedder.EclipseLogger - The POM for org.testng:testng:jar:5.14.5 is invalid, transitive dependencies (if any) will not be available, enable debug logging for more details
2023-03-29 14:27:16,521 [Worker-74: Building] WARN  o.e.m.c.i.embedder.EclipseLogger - The POM for com.beust:jcommander:jar:1.66 is missing, no dependency information available
2023-03-29 14:27:19,659 [Worker-74: Building] WARN  o.e.m.c.i.embedder.EclipseLogger - Using platform encoding (UTF-8 actually) to copy filtered resources, i.e. build is platform dependent!
2023-03-29 14:27:19,663 [Worker-74: Building] INFO  o.e.m.c.i.embedder.EclipseLogger - Copying 0 resource
2023-03-29 14:27:19,668 [Worker-74: Building] WARN  o.e.m.c.i.embedder.EclipseLogger - Using platform encoding (UTF-8 actually) to copy filtered resources, i.e. build is platform dependent!
2023-03-29 14:27:19,670 [Worker-74: Building] INFO  o.e.m.c.i.embedder.EclipseLogger - Copying 0 resource
2023-03-29 14:28:15,828 [Worker-67: Launching Testcase1] WARN  o.e.m.c.i.embedder.EclipseLogger - Using platform encoding (UTF-8 actually) to copy filtered resources, i.e. build is platform dependent!
2023-03-29 14:28:15,831 [Worker-67: Launching Testcase1] INFO  o.e.m.c.i.embedder.EclipseLogger - Copying 0 resource
2023-03-29 14:28:15,835 [Worker-67: Launching Testcase1] WARN  o.e.m.c.i.embedder.EclipseLogger - Using platform encoding (UTF-8 actually) to copy filtered resources, i.e. build is platform dependent!
2023-03-29 14:28:15,838 [Worker-67: Launching Testcase1] INFO  o.e.m.c.i.embedder.EclipseLogger - Copying 1 resource
2023-03-29 14:41:29,975 [Worker-84: Building] INFO  o.e.m.c.i.l.LifecycleMappingFactory - Using org.eclipse.m2e.jdt.JarLifecycleMapping lifecycle mapping for MavenProject: com.stm:TestAutomation-Framework:0.0.1-SNAPSHOT @ C:\Users\krish\eclipse-workspace\SeleniumFrameWork\TestAutomation-Framework\pom.xml.
2023-03-29 14:41:30,225 [Worker-84: Building] WARN  o.e.m.c.i.embedder.EclipseLogger - The POM for org.testng:testng:jar:5.14.3 is invalid, transitive dependencies (if any) will not be available, enable debug logging for more details
2023-03-29 14:41:30,229 [Worker-84: Building] WARN  o.e.m.c.i.embedder.EclipseLogger - The POM for org.testng:testng:jar:5.14.4 is invalid, transitive dependencies (if any) will not be available, enable debug logging for more details
2023-03-29 14:41:30,232 [Worker-84: Building] WARN  o.e.m.c.i.embedder.EclipseLogger - The POM for org.testng:testng:jar:5.14.5 is invalid, transitive dependencies (if any) will not be available, enable debug logging for more details
2023-03-29 14:41:30,335 [Worker-84: Building] WARN  o.e.m.c.i.embedder.EclipseLogger - The POM for com.beust:jcommander:jar:1.66 is missing, no dependency information available
2023-03-29 14:41:31,160 [Worker-84: Building] WARN  o.e.m.c.i.embedder.EclipseLogger - Using platform encoding (UTF-8 actually) to copy filtered resources, i.e. build is platform dependent!
2023-03-29 14:41:31,164 [Worker-84: Building] INFO  o.e.m.c.i.embedder.EclipseLogger - Copying 0 resource
2023-03-29 14:41:31,167 [Worker-84: Building] WARN  o.e.m.c.i.embedder.EclipseLogger - Using platform encoding (UTF-8 actually) to copy filtered resources, i.e. build is platform dependent!
2023-03-29 14:41:31,169 [Worker-84: Building] INFO  o.e.m.c.i.embedder.EclipseLogger - Copying 0 resource
2023-03-29 14:41:32,636 [Worker-84: Building] WARN  o.e.m.c.i.embedder.EclipseLogger - Using platform encoding (UTF-8 actually) to copy filtered resources, i.e. build is platform dependent!
2023-03-29 14:41:32,639 [Worker-84: Building] INFO  o.e.m.c.i.embedder.EclipseLogger - Copying 0 resource
2023-03-29 14:41:32,641 [Worker-84: Building] WARN  o.e.m.c.i.embedder.EclipseLogger - Using platform encoding (UTF-8 actually) to copy filtered resources, i.e. build is platform dependent!
2023-03-29 14:41:32,643 [Worker-84: Building] INFO  o.e.m.c.i.embedder.EclipseLogger - Copying 1 resource
2023-03-29 14:43:40,588 [Worker-85: Launching Testcase1] WARN  o.e.m.c.i.embedder.EclipseLogger - Using platform encoding (UTF-8 actually) to copy filtered resources, i.e. build is platform dependent!
2023-03-29 14:43:40,590 [Worker-85: Launching Testcase1] INFO  o.e.m.c.i.embedder.EclipseLogger - Copying 0 resource
2023-03-29 14:43:40,594 [Worker-85: Launching Testcase1] WARN  o.e.m.c.i.embedder.EclipseLogger - Using platform encoding (UTF-8 actually) to copy filtered resources, i.e. build is platform dependent!
2023-03-29 14:43:40,598 [Worker-85: Launching Testcase1] INFO  o.e.m.c.i.embedder.EclipseLogger - Copying 1 resource
2023-03-29 14:46:19,821 [Worker-87: Building] INFO  o.e.m.c.i.l.LifecycleMappingFactory - Using org.eclipse.m2e.jdt.JarLifecycleMapping lifecycle mapping for MavenProject: com.stm:TestAutomation-Framework:0.0.1-SNAPSHOT @ C:\Users\krish\eclipse-workspace\SeleniumFrameWork\TestAutomation-Framework\pom.xml.
2023-03-29 14:46:19,990 [Worker-87: Building] WARN  o.e.m.c.i.embedder.EclipseLogger - The POM for org.testng:testng:jar:5.14.3 is invalid, transitive dependencies (if any) will not be available, enable debug logging for more details
2023-03-29 14:46:19,993 [Worker-87: Building] WARN  o.e.m.c.i.embedder.EclipseLogger - The POM for org.testng:testng:jar:5.14.4 is invalid, transitive dependencies (if any) will not be available, enable debug logging for more details
2023-03-29 14:46:19,995 [Worker-87: Building] WARN  o.e.m.c.i.embedder.EclipseLogger - The POM for org.testng:testng:jar:5.14.5 is invalid, transitive dependencies (if any) will not be available, enable debug logging for more details
2023-03-29 14:46:20,076 [Worker-87: Building] WARN  o.e.m.c.i.embedder.EclipseLogger - The POM for com.beust:jcommander:jar:1.66 is missing, no dependency information available
2023-03-29 14:46:20,566 [Worker-87: Building] WARN  o.e.m.c.i.embedder.EclipseLogger - Using platform encoding (UTF-8 actually) to copy filtered resources, i.e. build is platform dependent!
2023-03-29 14:46:20,571 [Worker-87: Building] INFO  o.e.m.c.i.embedder.EclipseLogger - Copying 0 resource
2023-03-29 14:46:20,574 [Worker-87: Building] WARN  o.e.m.c.i.embedder.EclipseLogger - Using platform encoding (UTF-8 actually) to copy filtered resources, i.e. build is platform dependent!
2023-03-29 14:46:20,575 [Worker-87: Building] INFO  o.e.m.c.i.embedder.EclipseLogger - Copying 0 resource
2023-03-29 14:46:21,870 [Worker-88: Building] WARN  o.e.m.c.i.embedder.EclipseLogger - Using platform encoding (UTF-8 actually) to copy filtered resources, i.e. build is platform dependent!
2023-03-29 14:46:21,871 [Worker-88: Building] INFO  o.e.m.c.i.embedder.EclipseLogger - Copying 0 resource
2023-03-29 14:46:21,873 [Worker-88: Building] WARN  o.e.m.c.i.embedder.EclipseLogger - Using platform encoding (UTF-8 actually) to copy filtered resources, i.e. build is platform dependent!
2023-03-29 14:46:21,875 [Worker-88: Building] INFO  o.e.m.c.i.embedder.EclipseLogger - Copying 1 resource
2023-03-29 14:54:02,902 [Worker-95: Building] WARN  o.e.m.c.i.embedder.EclipseLogger - Using platform encoding (UTF-8 actually) to copy filtered resources, i.e. build is platform dependent!
2023-03-29 14:54:02,903 [Worker-95: Building] INFO  o.e.m.c.i.embedder.EclipseLogger - Copying 0 resource
2023-03-29 14:54:02,905 [Worker-95: Building] WARN  o.e.m.c.i.embedder.EclipseLogger - Using platform encoding (UTF-8 actually) to copy filtered resources, i.e. build is platform dependent!
2023-03-29 14:54:02,907 [Worker-95: Building] INFO  o.e.m.c.i.embedder.EclipseLogger - Copying 1 resource
2023-03-29 14:54:33,696 [Worker-1: Loading available Gradle versions] INFO  o.e.b.c.i.u.g.PublishedGradleVersions - Gradle version information cache is up-to-date. Trying to read.
2023-03-29 14:54:35,888 [Worker-4: reload maven project] WARN  o.e.m.c.i.embedder.EclipseLogger - The POM for org.testng:testng:jar:5.14.3 is invalid, transitive dependencies (if any) will not be available, enable debug logging for more details
2023-03-29 14:54:35,905 [Worker-4: reload maven project] WARN  o.e.m.c.i.embedder.EclipseLogger - The POM for org.testng:testng:jar:5.14.4 is invalid, transitive dependencies (if any) will not be available, enable debug logging for more details
2023-03-29 14:54:35,910 [Worker-4: reload maven project] WARN  o.e.m.c.i.embedder.EclipseLogger - The POM for org.testng:testng:jar:5.14.5 is invalid, transitive dependencies (if any) will not be available, enable debug logging for more details
2023-03-29 14:54:36,422 [Worker-4: reload maven project] WARN  o.e.m.c.i.embedder.EclipseLogger - The POM for com.beust:jcommander:jar:1.66 is missing, no dependency information available
2023-03-29 14:56:34,540 [Worker-3: Building] WARN  o.e.m.c.i.embedder.EclipseLogger - Using platform encoding (UTF-8 actually) to copy filtered resources, i.e. build is platform dependent!
2023-03-29 14:56:34,547 [Worker-3: Building] INFO  o.e.m.c.i.embedder.EclipseLogger - Copying 0 resource
2023-03-29 14:56:34,556 [Worker-3: Building] WARN  o.e.m.c.i.embedder.EclipseLogger - Using platform encoding (UTF-8 actually) to copy filtered resources, i.e. build is platform dependent!
2023-03-29 14:56:34,560 [Worker-3: Building] INFO  o.e.m.c.i.embedder.EclipseLogger - Copying 1 resource
2023-03-29 14:58:06,971 [Worker-9: Launching TestCase1Fw] WARN  o.e.m.c.i.embedder.EclipseLogger - Using platform encoding (UTF-8 actually) to copy filtered resources, i.e. build is platform dependent!
2023-03-29 14:58:06,977 [Worker-9: Launching TestCase1Fw] INFO  o.e.m.c.i.embedder.EclipseLogger - Copying 0 resource
